\BOOKMARK [0][-]{chapter.1}{\376\377\0001\000\040\004\030\004\065\004\100\004\060\004\100\004\105\004\070\004\107\004\065\004\101\004\072\004\070\004\071\000\040\004\101\004\077\004\070\004\101\004\076\004\072\000\040\004\072\004\073\004\060\004\101\004\101\004\076\004\062}{}% 1
\BOOKMARK [1][-]{section.1.1}{\376\377\0001\000.\0001\000\040\004\030\004\065\004\100\004\060\004\100\004\105\004\070\004\117\000\040\004\072\004\073\004\060\004\101\004\101\004\076\004\062}{chapter.1}% 2
\BOOKMARK [0][-]{chapter.2}{\376\377\0002\000\040\004\020\004\073\004\104\004\060\004\062\004\070\004\102\004\075\004\113\004\071\000\040\004\103\004\072\004\060\004\067\004\060\004\102\004\065\004\073\004\114\000\040\004\072\004\073\004\060\004\101\004\101\004\076\004\062}{}% 3
\BOOKMARK [1][-]{section.2.1}{\376\377\0002\000.\0001\000\040\004\032\004\073\004\060\004\101\004\101\004\113}{chapter.2}% 4
\BOOKMARK [0][-]{chapter.3}{\376\377\0003\000\040\004\041\004\077\004\070\004\101\004\076\004\072\000\040\004\104\004\060\004\071\004\073\004\076\004\062}{}% 5
\BOOKMARK [1][-]{section.3.1}{\376\377\0003\000.\0001\000\040\004\044\004\060\004\071\004\073\004\113}{chapter.3}% 6
\BOOKMARK [0][-]{chapter.4}{\376\377\0004\000\040\004\032\004\073\004\060\004\101\004\101\004\113}{}% 7
\BOOKMARK [1][-]{section.4.1}{\376\377\0004\000.\0001\000\040\004\032\004\073\004\060\004\101\004\101\000\040\000C\000l\000i\000e\000n\000t\000H\000a\000n\000d\000l\000e\000r}{chapter.4}% 8
\BOOKMARK [2][-]{subsection.4.1.1}{\376\377\0004\000.\0001\000.\0001\000\040\004\037\004\076\004\064\004\100\004\076\004\061\004\075\004\076\004\065\000\040\004\076\004\077\004\070\004\101\004\060\004\075\004\070\004\065}{section.4.1}% 9
\BOOKMARK [2][-]{subsection.4.1.2}{\376\377\0004\000.\0001\000.\0002\000\040\004\034\004\065\004\102\004\076\004\064\004\113}{section.4.1}% 10
\BOOKMARK [3][-]{subsubsection.4.1.2.1}{\376\377\0004\000.\0001\000.\0002\000.\0001\000\040\000c\000o\000m\000p\000u\000t\000e\000\137\000m\000d\0005\000\050\000\051}{subsection.4.1.2}% 11
\BOOKMARK [3][-]{subsubsection.4.1.2.2}{\376\377\0004\000.\0001\000.\0002\000.\0002\000\040\000c\000r\000e\000a\000t\000e\000\137\000s\000a\000l\000t\000\050\000\051}{subsection.4.1.2}% 12
\BOOKMARK [3][-]{subsubsection.4.1.2.3}{\376\377\0004\000.\0001\000.\0002\000.\0003\000\040\000m\000a\000n\000a\000g\000e\000\137\000c\000o\000n\000n\000e\000c\000t\000i\000o\000n\000\050\000\051}{subsection.4.1.2}% 13
\BOOKMARK [1][-]{section.4.2}{\376\377\0004\000.\0002\000\040\004\032\004\073\004\060\004\101\004\101\000\040\000C\000o\000n\000n\000e\000c\000t\000o\000r\000R\000e\000f\000a\000c\000t\000o\000r\000e\000d}{chapter.4}% 14
\BOOKMARK [2][-]{subsection.4.2.1}{\376\377\0004\000.\0002\000.\0001\000\040\004\037\004\076\004\064\004\100\004\076\004\061\004\075\004\076\004\065\000\040\004\076\004\077\004\070\004\101\004\060\004\075\004\070\004\065}{section.4.2}% 15
\BOOKMARK [2][-]{subsection.4.2.2}{\376\377\0004\000.\0002\000.\0002\000\040\004\034\004\065\004\102\004\076\004\064\004\113}{section.4.2}% 16
\BOOKMARK [3][-]{subsubsection.4.2.2.1}{\376\377\0004\000.\0002\000.\0002\000.\0001\000\040\000c\000o\000n\000n\000e\000c\000t\000\137\000t\000o\000\137\000r\000e\000g\000i\000s\000t\000r\000y\000\050\000\051}{subsection.4.2.2}% 17
\BOOKMARK [3][-]{subsubsection.4.2.2.2}{\376\377\0004\000.\0002\000.\0002\000.\0002\000\040\000g\000e\000t\000\137\000r\000e\000g\000i\000s\000t\000r\000y\000\050\000\051}{subsection.4.2.2}% 18
\BOOKMARK [1][-]{section.4.3}{\376\377\0004\000.\0003\000\040\004\032\004\073\004\060\004\101\004\101\000\040\000c\000r\000i\000t\000\137\000e\000r\000r}{chapter.4}% 19
\BOOKMARK [2][-]{subsection.4.3.1}{\376\377\0004\000.\0003\000.\0001\000\040\004\037\004\076\004\064\004\100\004\076\004\061\004\075\004\076\004\065\000\040\004\076\004\077\004\070\004\101\004\060\004\075\004\070\004\065}{section.4.3}% 20
\BOOKMARK [2][-]{subsection.4.3.2}{\376\377\0004\000.\0003\000.\0002\000\040\004\032\004\076\004\075\004\101\004\102\004\100\004\103\004\072\004\102\004\076\004\100\000\050\004\113\000\051}{section.4.3}% 21
\BOOKMARK [3][-]{subsubsection.4.3.2.1}{\376\377\0004\000.\0003\000.\0002\000.\0001\000\040\000c\000r\000i\000t\000\137\000e\000r\000r\000\050\000\051}{subsection.4.3.2}% 22
\BOOKMARK [1][-]{section.4.4}{\376\377\0004\000.\0004\000\040\004\032\004\073\004\060\004\101\004\101\000\040\000I\000n\000t\000e\000r\000f\000a\000c\000e\000R\000e\000f\000a\000c\000t\000o\000r\000e\000d}{chapter.4}% 23
\BOOKMARK [2][-]{subsection.4.4.1}{\376\377\0004\000.\0004\000.\0001\000\040\004\037\004\076\004\064\004\100\004\076\004\061\004\075\004\076\004\065\000\040\004\076\004\077\004\070\004\101\004\060\004\075\004\070\004\065}{section.4.4}% 24
\BOOKMARK [2][-]{subsection.4.4.2}{\376\377\0004\000.\0004\000.\0002\000\040\004\034\004\065\004\102\004\076\004\064\004\113}{section.4.4}% 25
\BOOKMARK [3][-]{subsubsection.4.4.2.1}{\376\377\0004\000.\0004\000.\0002\000.\0001\000\040\000p\000r\000o\000c\000e\000s\000s\000\137\000c\000o\000m\000m\000a\000n\000d\000\050\000\051}{subsection.4.4.2}% 26
\BOOKMARK [1][-]{section.4.5}{\376\377\0004\000.\0005\000\040\004\032\004\073\004\060\004\101\004\101\000\040\000L\000o\000g\000g\000e\000r}{chapter.4}% 27
\BOOKMARK [2][-]{subsection.4.5.1}{\376\377\0004\000.\0005\000.\0001\000\040\004\037\004\076\004\064\004\100\004\076\004\061\004\075\004\076\004\065\000\040\004\076\004\077\004\070\004\101\004\060\004\075\004\070\004\065}{section.4.5}% 28
\BOOKMARK [2][-]{subsection.4.5.2}{\376\377\0004\000.\0005\000.\0002\000\040\004\032\004\076\004\075\004\101\004\102\004\100\004\103\004\072\004\102\004\076\004\100\000\050\004\113\000\051}{section.4.5}% 29
\BOOKMARK [3][-]{subsubsection.4.5.2.1}{\376\377\0004\000.\0005\000.\0002\000.\0001\000\040\000L\000o\000g\000g\000e\000r\000\050\000\051}{subsection.4.5.2}% 30
\BOOKMARK [2][-]{subsection.4.5.3}{\376\377\0004\000.\0005\000.\0003\000\040\004\034\004\065\004\102\004\076\004\064\004\113}{section.4.5}% 31
\BOOKMARK [3][-]{subsubsection.4.5.3.1}{\376\377\0004\000.\0005\000.\0003\000.\0001\000\040\000g\000e\000t\000\137\000c\000u\000r\000r\000e\000n\000t\000\137\000d\000a\000t\000e\000t\000i\000m\000e\000\050\000\051}{subsection.4.5.3}% 32
\BOOKMARK [3][-]{subsubsection.4.5.3.2}{\376\377\0004\000.\0005\000.\0003\000.\0002\000\040\000s\000e\000t\000\137\000p\000a\000t\000h\000\050\000\051}{subsection.4.5.3}% 33
\BOOKMARK [3][-]{subsubsection.4.5.3.3}{\376\377\0004\000.\0005\000.\0003\000.\0003\000\040\000w\000r\000i\000t\000e\000l\000o\000g\000\050\000\051}{subsection.4.5.3}% 34
\BOOKMARK [1][-]{section.4.6}{\376\377\0004\000.\0006\000\040\004\032\004\073\004\060\004\101\004\101\000\040\000M\000a\000t\000h\000E\000n\000g\000i\000n\000e}{chapter.4}% 35
\BOOKMARK [2][-]{subsection.4.6.1}{\376\377\0004\000.\0006\000.\0001\000\040\004\037\004\076\004\064\004\100\004\076\004\061\004\075\004\076\004\065\000\040\004\076\004\077\004\070\004\101\004\060\004\075\004\070\004\065}{section.4.6}% 36
\BOOKMARK [2][-]{subsection.4.6.2}{\376\377\0004\000.\0006\000.\0002\000\040\004\032\004\076\004\075\004\101\004\102\004\100\004\103\004\072\004\102\004\076\004\100\000\050\004\113\000\051}{section.4.6}% 37
\BOOKMARK [3][-]{subsubsection.4.6.2.1}{\376\377\0004\000.\0006\000.\0002\000.\0001\000\040\000M\000a\000t\000h\000E\000n\000g\000i\000n\000e\000\050\000\051}{subsection.4.6.2}% 38
\BOOKMARK [2][-]{subsection.4.6.3}{\376\377\0004\000.\0006\000.\0003\000\040\004\034\004\065\004\102\004\076\004\064\004\113}{section.4.6}% 39
\BOOKMARK [3][-]{subsubsection.4.6.3.1}{\376\377\0004\000.\0006\000.\0003\000.\0001\000\040\000r\000e\000t\000r\000i\000e\000v\000e\000\137\000r\000e\000s\000u\000l\000t\000\050\000\051}{subsection.4.6.3}% 40
\BOOKMARK [1][-]{section.4.7}{\376\377\0004\000.\0007\000\040\004\032\004\073\004\060\004\101\004\101\000\040\000n\000o\000\137\000c\000r\000i\000t\000\137\000e\000r\000r}{chapter.4}% 41
\BOOKMARK [2][-]{subsection.4.7.1}{\376\377\0004\000.\0007\000.\0001\000\040\004\037\004\076\004\064\004\100\004\076\004\061\004\075\004\076\004\065\000\040\004\076\004\077\004\070\004\101\004\060\004\075\004\070\004\065}{section.4.7}% 42
\BOOKMARK [2][-]{subsection.4.7.2}{\376\377\0004\000.\0007\000.\0002\000\040\004\032\004\076\004\075\004\101\004\102\004\100\004\103\004\072\004\102\004\076\004\100\000\050\004\113\000\051}{section.4.7}% 43
\BOOKMARK [3][-]{subsubsection.4.7.2.1}{\376\377\0004\000.\0007\000.\0002\000.\0001\000\040\000n\000o\000\137\000c\000r\000i\000t\000\137\000e\000r\000r\000\050\000\051}{subsection.4.7.2}% 44
\BOOKMARK [0][-]{chapter.5}{\376\377\0005\000\040\004\044\004\060\004\071\004\073\004\113}{}% 45
\BOOKMARK [1][-]{section.5.1}{\376\377\0005\000.\0001\000\040\004\044\004\060\004\071\004\073\000\040\000C\000a\000l\000c\000u\000l\000a\000t\000o\000r\000R\000e\000f\000a\000c\000t\000o\000r\000e\000d\000.\000h}{chapter.5}% 46
\BOOKMARK [2][-]{subsection.5.1.1}{\376\377\0005\000.\0001\000.\0001\000\040\004\037\004\076\004\064\004\100\004\076\004\061\004\075\004\076\004\065\000\040\004\076\004\077\004\070\004\101\004\060\004\075\004\070\004\065}{section.5.1}% 47
\BOOKMARK [1][-]{section.5.2}{\376\377\0005\000.\0002\000\040\000C\000a\000l\000c\000u\000l\000a\000t\000o\000r\000R\000e\000f\000a\000c\000t\000o\000r\000e\000d\000.\000h}{chapter.5}% 48
\BOOKMARK [1][-]{section.5.3}{\376\377\0005\000.\0003\000\040\000C\000l\000i\000e\000n\000t\000H\000a\000n\000d\000l\000e\000r\000.\000h}{chapter.5}% 49
\BOOKMARK [1][-]{section.5.4}{\376\377\0005\000.\0004\000\040\004\044\004\060\004\071\004\073\000\040\000C\000o\000n\000n\000e\000c\000t\000o\000r\000R\000e\000f\000a\000c\000t\000o\000r\000e\000d\000.\000h}{chapter.5}% 50
\BOOKMARK [2][-]{subsection.5.4.1}{\376\377\0005\000.\0004\000.\0001\000\040\004\037\004\076\004\064\004\100\004\076\004\061\004\075\004\076\004\065\000\040\004\076\004\077\004\070\004\101\004\060\004\075\004\070\004\065}{section.5.4}% 51
\BOOKMARK [1][-]{section.5.5}{\376\377\0005\000.\0005\000\040\000C\000o\000n\000n\000e\000c\000t\000o\000r\000R\000e\000f\000a\000c\000t\000o\000r\000e\000d\000.\000h}{chapter.5}% 52
\BOOKMARK [1][-]{section.5.6}{\376\377\0005\000.\0006\000\040\004\044\004\060\004\071\004\073\000\040\000E\000r\000r\000o\000r\000s\000.\000h}{chapter.5}% 53
\BOOKMARK [2][-]{subsection.5.6.1}{\376\377\0005\000.\0006\000.\0001\000\040\004\037\004\076\004\064\004\100\004\076\004\061\004\075\004\076\004\065\000\040\004\076\004\077\004\070\004\101\004\060\004\075\004\070\004\065}{section.5.6}% 54
\BOOKMARK [1][-]{section.5.7}{\376\377\0005\000.\0007\000\040\000E\000r\000r\000o\000r\000s\000.\000h}{chapter.5}% 55
\BOOKMARK [1][-]{section.5.8}{\376\377\0005\000.\0008\000\040\004\044\004\060\004\071\004\073\000\040\000I\000n\000t\000e\000r\000f\000a\000c\000e\000R\000e\000f\000a\000c\000t\000o\000r\000e\000d\000.\000h}{chapter.5}% 56
\BOOKMARK [2][-]{subsection.5.8.1}{\376\377\0005\000.\0008\000.\0001\000\040\004\037\004\076\004\064\004\100\004\076\004\061\004\075\004\076\004\065\000\040\004\076\004\077\004\070\004\101\004\060\004\075\004\070\004\065}{section.5.8}% 57
\BOOKMARK [1][-]{section.5.9}{\376\377\0005\000.\0009\000\040\000I\000n\000t\000e\000r\000f\000a\000c\000e\000R\000e\000f\000a\000c\000t\000o\000r\000e\000d\000.\000h}{chapter.5}% 58
\BOOKMARK [1][-]{section.5.10}{\376\377\0005\000.\0001\0000\000\040\004\044\004\060\004\071\004\073\000\040\000L\000o\000g\000g\000e\000r\000R\000e\000f\000a\000c\000t\000o\000r\000e\000d\000.\000h}{chapter.5}% 59
\BOOKMARK [2][-]{subsection.5.10.1}{\376\377\0005\000.\0001\0000\000.\0001\000\040\004\037\004\076\004\064\004\100\004\076\004\061\004\075\004\076\004\065\000\040\004\076\004\077\004\070\004\101\004\060\004\075\004\070\004\065}{section.5.10}% 60
\BOOKMARK [1][-]{section.5.11}{\376\377\0005\000.\0001\0001\000\040\000L\000o\000g\000g\000e\000r\000R\000e\000f\000a\000c\000t\000o\000r\000e\000d\000.\000h}{chapter.5}% 61
\BOOKMARK [0][-]{section*.29}{\376\377\004\037\004\100\004\065\004\064\004\074\004\065\004\102\004\075\004\113\004\071\000\040\004\103\004\072\004\060\004\067\004\060\004\102\004\065\004\073\004\114}{}% 62
